<?xml version="1.0" encoding="UTF-8"?>
<testsuite xmlns:xsi="http://www.w3.org/2001/XMLSchema-instance" xsi:noNamespaceSchemaLocation="https://maven.apache.org/surefire/maven-surefire-plugin/xsd/surefire-test-report.xsd" name="mk.anyplex.com.hmvodapi.HmvodApiApplicationTests" time="4.757" tests="1" errors="0" skipped="0" failures="0">
  <properties>
    <property name="sun.desktop" value="windows"/>
    <property name="awt.toolkit" value="sun.awt.windows.WToolkit"/>
    <property name="file.encoding.pkg" value="sun.io"/>
    <property name="java.specification.version" value="1.8"/>
    <property name="sun.cpu.isalist" value="amd64"/>
    <property name="sun.jnu.encoding" value="GBK"/>
    <property name="java.class.path" value="W:\IMAN\rat\rat-api\target\test-classes;W:\IMAN\rat\rat-api\target\classes;G:\Java_Software\ideaMaven\MavenRepository\org\springframework\boot\spring-boot-starter-web\2.2.2.RELEASE\spring-boot-starter-web-2.2.2.RELEASE.jar;G:\Java_Software\ideaMaven\MavenRepository\org\springframework\boot\spring-boot-starter\2.2.2.RELEASE\spring-boot-starter-2.2.2.RELEASE.jar;G:\Java_Software\ideaMaven\MavenRepository\org\springframework\boot\spring-boot\2.2.2.RELEASE\spring-boot-2.2.2.RELEASE.jar;G:\Java_Software\ideaMaven\MavenRepository\org\springframework\boot\spring-boot-autoconfigure\2.2.2.RELEASE\spring-boot-autoconfigure-2.2.2.RELEASE.jar;G:\Java_Software\ideaMaven\MavenRepository\org\springframework\boot\spring-boot-starter-logging\2.2.2.RELEASE\spring-boot-starter-logging-2.2.2.RELEASE.jar;G:\Java_Software\ideaMaven\MavenRepository\ch\qos\logback\logback-classic\1.2.3\logback-classic-1.2.3.jar;G:\Java_Software\ideaMaven\MavenRepository\ch\qos\logback\logback-core\1.2.3\logback-core-1.2.3.jar;G:\Java_Software\ideaMaven\MavenRepository\org\apache\logging\log4j\log4j-to-slf4j\2.12.1\log4j-to-slf4j-2.12.1.jar;G:\Java_Software\ideaMaven\MavenRepository\org\apache\logging\log4j\log4j-api\2.12.1\log4j-api-2.12.1.jar;G:\Java_Software\ideaMaven\MavenRepository\org\slf4j\jul-to-slf4j\1.7.29\jul-to-slf4j-1.7.29.jar;G:\Java_Software\ideaMaven\MavenRepository\org\yaml\snakeyaml\1.25\snakeyaml-1.25.jar;G:\Java_Software\ideaMaven\MavenRepository\org\springframework\boot\spring-boot-starter-json\2.2.2.RELEASE\spring-boot-starter-json-2.2.2.RELEASE.jar;G:\Java_Software\ideaMaven\MavenRepository\com\fasterxml\jackson\core\jackson-databind\2.10.1\jackson-databind-2.10.1.jar;G:\Java_Software\ideaMaven\MavenRepository\com\fasterxml\jackson\core\jackson-annotations\2.10.1\jackson-annotations-2.10.1.jar;G:\Java_Software\ideaMaven\MavenRepository\com\fasterxml\jackson\core\jackson-core\2.10.1\jackson-core-2.10.1.jar;G:\Java_Software\ideaMaven\MavenRepository\com\fasterxml\jackson\datatype\jackson-datatype-jdk8\2.10.1\jackson-datatype-jdk8-2.10.1.jar;G:\Java_Software\ideaMaven\MavenRepository\com\fasterxml\jackson\datatype\jackson-datatype-jsr310\2.10.1\jackson-datatype-jsr310-2.10.1.jar;G:\Java_Software\ideaMaven\MavenRepository\com\fasterxml\jackson\module\jackson-module-parameter-names\2.10.1\jackson-module-parameter-names-2.10.1.jar;G:\Java_Software\ideaMaven\MavenRepository\org\springframework\boot\spring-boot-starter-validation\2.2.2.RELEASE\spring-boot-starter-validation-2.2.2.RELEASE.jar;G:\Java_Software\ideaMaven\MavenRepository\jakarta\validation\jakarta.validation-api\2.0.1\jakarta.validation-api-2.0.1.jar;G:\Java_Software\ideaMaven\MavenRepository\org\hibernate\validator\hibernate-validator\6.0.18.Final\hibernate-validator-6.0.18.Final.jar;G:\Java_Software\ideaMaven\MavenRepository\org\jboss\logging\jboss-logging\3.4.1.Final\jboss-logging-3.4.1.Final.jar;G:\Java_Software\ideaMaven\MavenRepository\com\fasterxml\classmate\1.5.1\classmate-1.5.1.jar;G:\Java_Software\ideaMaven\MavenRepository\org\springframework\spring-web\5.2.2.RELEASE\spring-web-5.2.2.RELEASE.jar;G:\Java_Software\ideaMaven\MavenRepository\org\springframework\spring-beans\5.2.2.RELEASE\spring-beans-5.2.2.RELEASE.jar;G:\Java_Software\ideaMaven\MavenRepository\org\springframework\spring-webmvc\5.2.2.RELEASE\spring-webmvc-5.2.2.RELEASE.jar;G:\Java_Software\ideaMaven\MavenRepository\org\springframework\spring-aop\5.2.2.RELEASE\spring-aop-5.2.2.RELEASE.jar;G:\Java_Software\ideaMaven\MavenRepository\org\springframework\spring-context\5.2.2.RELEASE\spring-context-5.2.2.RELEASE.jar;G:\Java_Software\ideaMaven\MavenRepository\org\springframework\spring-expression\5.2.2.RELEASE\spring-expression-5.2.2.RELEASE.jar;G:\Java_Software\ideaMaven\MavenRepository\org\mybatis\spring\boot\mybatis-spring-boot-starter\2.1.1\mybatis-spring-boot-starter-2.1.1.jar;G:\Java_Software\ideaMaven\MavenRepository\org\springframework\boot\spring-boot-starter-jdbc\2.2.2.RELEASE\spring-boot-starter-jdbc-2.2.2.RELEASE.jar;G:\Java_Software\ideaMaven\MavenRepository\com\zaxxer\HikariCP\3.4.1\HikariCP-3.4.1.jar;G:\Java_Software\ideaMaven\MavenRepository\org\springframework\spring-jdbc\5.2.2.RELEASE\spring-jdbc-5.2.2.RELEASE.jar;G:\Java_Software\ideaMaven\MavenRepository\org\springframework\spring-tx\5.2.2.RELEASE\spring-tx-5.2.2.RELEASE.jar;G:\Java_Software\ideaMaven\MavenRepository\org\mybatis\spring\boot\mybatis-spring-boot-autoconfigure\2.1.1\mybatis-spring-boot-autoconfigure-2.1.1.jar;G:\Java_Software\ideaMaven\MavenRepository\org\mybatis\mybatis\3.5.3\mybatis-3.5.3.jar;G:\Java_Software\ideaMaven\MavenRepository\org\mybatis\mybatis-spring\2.0.3\mybatis-spring-2.0.3.jar;G:\Java_Software\ideaMaven\MavenRepository\org\springframework\boot\spring-boot-starter-mail\2.2.2.RELEASE\spring-boot-starter-mail-2.2.2.RELEASE.jar;G:\Java_Software\ideaMaven\MavenRepository\org\springframework\spring-context-support\5.2.2.RELEASE\spring-context-support-5.2.2.RELEASE.jar;G:\Java_Software\ideaMaven\MavenRepository\com\sun\mail\jakarta.mail\1.6.4\jakarta.mail-1.6.4.jar;G:\Java_Software\ideaMaven\MavenRepository\com\sun\activation\jakarta.activation\1.2.1\jakarta.activation-1.2.1.jar;G:\Java_Software\ideaMaven\MavenRepository\org\projectlombok\lombok\1.16.10\lombok-1.16.10.jar;G:\Java_Software\ideaMaven\MavenRepository\org\springframework\boot\spring-boot-starter-tomcat\2.2.2.RELEASE\spring-boot-starter-tomcat-2.2.2.RELEASE.jar;G:\Java_Software\ideaMaven\MavenRepository\jakarta\annotation\jakarta.annotation-api\1.3.5\jakarta.annotation-api-1.3.5.jar;G:\Java_Software\ideaMaven\MavenRepository\org\apache\tomcat\embed\tomcat-embed-core\9.0.29\tomcat-embed-core-9.0.29.jar;G:\Java_Software\ideaMaven\MavenRepository\org\apache\tomcat\embed\tomcat-embed-el\9.0.29\tomcat-embed-el-9.0.29.jar;G:\Java_Software\ideaMaven\MavenRepository\org\apache\tomcat\embed\tomcat-embed-websocket\9.0.29\tomcat-embed-websocket-9.0.29.jar;G:\Java_Software\ideaMaven\MavenRepository\org\springframework\boot\spring-boot-starter-test\2.2.2.RELEASE\spring-boot-starter-test-2.2.2.RELEASE.jar;G:\Java_Software\ideaMaven\MavenRepository\org\springframework\boot\spring-boot-test\2.2.2.RELEASE\spring-boot-test-2.2.2.RELEASE.jar;G:\Java_Software\ideaMaven\MavenRepository\org\springframework\boot\spring-boot-test-autoconfigure\2.2.2.RELEASE\spring-boot-test-autoconfigure-2.2.2.RELEASE.jar;G:\Java_Software\ideaMaven\MavenRepository\com\jayway\jsonpath\json-path\2.4.0\json-path-2.4.0.jar;G:\Java_Software\ideaMaven\MavenRepository\net\minidev\json-smart\2.3\json-smart-2.3.jar;G:\Java_Software\ideaMaven\MavenRepository\net\minidev\accessors-smart\1.2\accessors-smart-1.2.jar;G:\Java_Software\ideaMaven\MavenRepository\org\ow2\asm\asm\5.0.4\asm-5.0.4.jar;G:\Java_Software\ideaMaven\MavenRepository\org\slf4j\slf4j-api\1.7.29\slf4j-api-1.7.29.jar;G:\Java_Software\ideaMaven\MavenRepository\jakarta\xml\bind\jakarta.xml.bind-api\2.3.2\jakarta.xml.bind-api-2.3.2.jar;G:\Java_Software\ideaMaven\MavenRepository\jakarta\activation\jakarta.activation-api\1.2.1\jakarta.activation-api-1.2.1.jar;G:\Java_Software\ideaMaven\MavenRepository\org\junit\jupiter\junit-jupiter\5.5.2\junit-jupiter-5.5.2.jar;G:\Java_Software\ideaMaven\MavenRepository\org\junit\jupiter\junit-jupiter-api\5.5.2\junit-jupiter-api-5.5.2.jar;G:\Java_Software\ideaMaven\MavenRepository\org\apiguardian\apiguardian-api\1.1.0\apiguardian-api-1.1.0.jar;G:\Java_Software\ideaMaven\MavenRepository\org\opentest4j\opentest4j\1.2.0\opentest4j-1.2.0.jar;G:\Java_Software\ideaMaven\MavenRepository\org\junit\platform\junit-platform-commons\1.5.2\junit-platform-commons-1.5.2.jar;G:\Java_Software\ideaMaven\MavenRepository\org\junit\jupiter\junit-jupiter-params\5.5.2\junit-jupiter-params-5.5.2.jar;G:\Java_Software\ideaMaven\MavenRepository\org\junit\jupiter\junit-jupiter-engine\5.5.2\junit-jupiter-engine-5.5.2.jar;G:\Java_Software\ideaMaven\MavenRepository\org\junit\platform\junit-platform-engine\1.5.2\junit-platform-engine-1.5.2.jar;G:\Java_Software\ideaMaven\MavenRepository\org\mockito\mockito-junit-jupiter\3.1.0\mockito-junit-jupiter-3.1.0.jar;G:\Java_Software\ideaMaven\MavenRepository\org\assertj\assertj-core\3.13.2\assertj-core-3.13.2.jar;G:\Java_Software\ideaMaven\MavenRepository\org\hamcrest\hamcrest\2.1\hamcrest-2.1.jar;G:\Java_Software\ideaMaven\MavenRepository\org\mockito\mockito-core\3.1.0\mockito-core-3.1.0.jar;G:\Java_Software\ideaMaven\MavenRepository\net\bytebuddy\byte-buddy\1.10.4\byte-buddy-1.10.4.jar;G:\Java_Software\ideaMaven\MavenRepository\net\bytebuddy\byte-buddy-agent\1.10.4\byte-buddy-agent-1.10.4.jar;G:\Java_Software\ideaMaven\MavenRepository\org\objenesis\objenesis\2.6\objenesis-2.6.jar;G:\Java_Software\ideaMaven\MavenRepository\org\skyscreamer\jsonassert\1.5.0\jsonassert-1.5.0.jar;G:\Java_Software\ideaMaven\MavenRepository\org\springframework\spring-core\5.2.2.RELEASE\spring-core-5.2.2.RELEASE.jar;G:\Java_Software\ideaMaven\MavenRepository\org\springframework\spring-jcl\5.2.2.RELEASE\spring-jcl-5.2.2.RELEASE.jar;G:\Java_Software\ideaMaven\MavenRepository\org\springframework\spring-test\5.2.2.RELEASE\spring-test-5.2.2.RELEASE.jar;G:\Java_Software\ideaMaven\MavenRepository\org\xmlunit\xmlunit-core\2.6.3\xmlunit-core-2.6.3.jar;G:\Java_Software\ideaMaven\MavenRepository\org\springframework\boot\spring-boot-starter-actuator\2.2.2.RELEASE\spring-boot-starter-actuator-2.2.2.RELEASE.jar;G:\Java_Software\ideaMaven\MavenRepository\org\springframework\boot\spring-boot-actuator-autoconfigure\2.2.2.RELEASE\spring-boot-actuator-autoconfigure-2.2.2.RELEASE.jar;G:\Java_Software\ideaMaven\MavenRepository\org\springframework\boot\spring-boot-actuator\2.2.2.RELEASE\spring-boot-actuator-2.2.2.RELEASE.jar;G:\Java_Software\ideaMaven\MavenRepository\io\micrometer\micrometer-core\1.3.1\micrometer-core-1.3.1.jar;G:\Java_Software\ideaMaven\MavenRepository\org\hdrhistogram\HdrHistogram\2.1.11\HdrHistogram-2.1.11.jar;G:\Java_Software\ideaMaven\MavenRepository\org\latencyutils\LatencyUtils\2.0.3\LatencyUtils-2.0.3.jar;G:\Java_Software\ideaMaven\MavenRepository\mysql\mysql-connector-java\5.1.45\mysql-connector-java-5.1.45.jar;G:\Java_Software\ideaMaven\MavenRepository\com\alibaba\druid\1.1.10\druid-1.1.10.jar;G:\Java_Software\ideaMaven\MavenRepository\log4j\log4j\1.2.17\log4j-1.2.17.jar;G:\Java_Software\ideaMaven\MavenRepository\com\alibaba\fastjson\1.2.7\fastjson-1.2.7.jar;G:\Java_Software\ideaMaven\MavenRepository\com\thetransactioncompany\cors-filter\2.5\cors-filter-2.5.jar;G:\Java_Software\ideaMaven\MavenRepository\com\thetransactioncompany\java-property-utils\1.9.1\java-property-utils-1.9.1.jar;G:\Java_Software\ideaMaven\MavenRepository\com\vaadin\external\google\android-json\0.0.20131108.vaadin1\android-json-0.0.20131108.vaadin1.jar;G:\Java_Software\ideaMaven\MavenRepository\commons-io\commons-io\2.2\commons-io-2.2.jar;G:\Java_Software\ideaMaven\MavenRepository\com\squareup\okhttp3\okhttp\3.9.1\okhttp-3.9.1.jar;G:\Java_Software\ideaMaven\MavenRepository\com\squareup\okio\okio\1.13.0\okio-1.13.0.jar;"/>
    <property name="java.vm.vendor" value="Oracle Corporation"/>
    <property name="sun.arch.data.model" value="64"/>
    <property name="user.variant" value=""/>
    <property name="java.vendor.url" value="http://java.oracle.com/"/>
    <property name="user.timezone" value="Asia/Shanghai"/>
    <property name="user.country.format" value="001"/>
    <property name="java.vm.specification.version" value="1.8"/>
    <property name="os.name" value="Windows 8.1"/>
    <property name="user.country" value="GB"/>
    <property name="sun.java.launcher" value="SUN_STANDARD"/>
    <property name="sun.boot.library.path" value="C:\Program Files\Java\jdk1.8.0_40\jre\bin"/>
    <property name="sun.java.command" value="C:\Users\Martw\AppData\Local\Temp\surefire8478473477814539796\surefirebooter3748172908019986780.jar C:\Users\Martw\AppData\Local\Temp\surefire8478473477814539796 2021-07-27T10-40-01_677-jvmRun1 surefire9044496693777545076tmp surefire_08820532982255743054tmp"/>
    <property name="surefire.test.class.path" value="W:\IMAN\rat\rat-api\target\test-classes;W:\IMAN\rat\rat-api\target\classes;G:\Java_Software\ideaMaven\MavenRepository\org\springframework\boot\spring-boot-starter-web\2.2.2.RELEASE\spring-boot-starter-web-2.2.2.RELEASE.jar;G:\Java_Software\ideaMaven\MavenRepository\org\springframework\boot\spring-boot-starter\2.2.2.RELEASE\spring-boot-starter-2.2.2.RELEASE.jar;G:\Java_Software\ideaMaven\MavenRepository\org\springframework\boot\spring-boot\2.2.2.RELEASE\spring-boot-2.2.2.RELEASE.jar;G:\Java_Software\ideaMaven\MavenRepository\org\springframework\boot\spring-boot-autoconfigure\2.2.2.RELEASE\spring-boot-autoconfigure-2.2.2.RELEASE.jar;G:\Java_Software\ideaMaven\MavenRepository\org\springframework\boot\spring-boot-starter-logging\2.2.2.RELEASE\spring-boot-starter-logging-2.2.2.RELEASE.jar;G:\Java_Software\ideaMaven\MavenRepository\ch\qos\logback\logback-classic\1.2.3\logback-classic-1.2.3.jar;G:\Java_Software\ideaMaven\MavenRepository\ch\qos\logback\logback-core\1.2.3\logback-core-1.2.3.jar;G:\Java_Software\ideaMaven\MavenRepository\org\apache\logging\log4j\log4j-to-slf4j\2.12.1\log4j-to-slf4j-2.12.1.jar;G:\Java_Software\ideaMaven\MavenRepository\org\apache\logging\log4j\log4j-api\2.12.1\log4j-api-2.12.1.jar;G:\Java_Software\ideaMaven\MavenRepository\org\slf4j\jul-to-slf4j\1.7.29\jul-to-slf4j-1.7.29.jar;G:\Java_Software\ideaMaven\MavenRepository\org\yaml\snakeyaml\1.25\snakeyaml-1.25.jar;G:\Java_Software\ideaMaven\MavenRepository\org\springframework\boot\spring-boot-starter-json\2.2.2.RELEASE\spring-boot-starter-json-2.2.2.RELEASE.jar;G:\Java_Software\ideaMaven\MavenRepository\com\fasterxml\jackson\core\jackson-databind\2.10.1\jackson-databind-2.10.1.jar;G:\Java_Software\ideaMaven\MavenRepository\com\fasterxml\jackson\core\jackson-annotations\2.10.1\jackson-annotations-2.10.1.jar;G:\Java_Software\ideaMaven\MavenRepository\com\fasterxml\jackson\core\jackson-core\2.10.1\jackson-core-2.10.1.jar;G:\Java_Software\ideaMaven\MavenRepository\com\fasterxml\jackson\datatype\jackson-datatype-jdk8\2.10.1\jackson-datatype-jdk8-2.10.1.jar;G:\Java_Software\ideaMaven\MavenRepository\com\fasterxml\jackson\datatype\jackson-datatype-jsr310\2.10.1\jackson-datatype-jsr310-2.10.1.jar;G:\Java_Software\ideaMaven\MavenRepository\com\fasterxml\jackson\module\jackson-module-parameter-names\2.10.1\jackson-module-parameter-names-2.10.1.jar;G:\Java_Software\ideaMaven\MavenRepository\org\springframework\boot\spring-boot-starter-validation\2.2.2.RELEASE\spring-boot-starter-validation-2.2.2.RELEASE.jar;G:\Java_Software\ideaMaven\MavenRepository\jakarta\validation\jakarta.validation-api\2.0.1\jakarta.validation-api-2.0.1.jar;G:\Java_Software\ideaMaven\MavenRepository\org\hibernate\validator\hibernate-validator\6.0.18.Final\hibernate-validator-6.0.18.Final.jar;G:\Java_Software\ideaMaven\MavenRepository\org\jboss\logging\jboss-logging\3.4.1.Final\jboss-logging-3.4.1.Final.jar;G:\Java_Software\ideaMaven\MavenRepository\com\fasterxml\classmate\1.5.1\classmate-1.5.1.jar;G:\Java_Software\ideaMaven\MavenRepository\org\springframework\spring-web\5.2.2.RELEASE\spring-web-5.2.2.RELEASE.jar;G:\Java_Software\ideaMaven\MavenRepository\org\springframework\spring-beans\5.2.2.RELEASE\spring-beans-5.2.2.RELEASE.jar;G:\Java_Software\ideaMaven\MavenRepository\org\springframework\spring-webmvc\5.2.2.RELEASE\spring-webmvc-5.2.2.RELEASE.jar;G:\Java_Software\ideaMaven\MavenRepository\org\springframework\spring-aop\5.2.2.RELEASE\spring-aop-5.2.2.RELEASE.jar;G:\Java_Software\ideaMaven\MavenRepository\org\springframework\spring-context\5.2.2.RELEASE\spring-context-5.2.2.RELEASE.jar;G:\Java_Software\ideaMaven\MavenRepository\org\springframework\spring-expression\5.2.2.RELEASE\spring-expression-5.2.2.RELEASE.jar;G:\Java_Software\ideaMaven\MavenRepository\org\mybatis\spring\boot\mybatis-spring-boot-starter\2.1.1\mybatis-spring-boot-starter-2.1.1.jar;G:\Java_Software\ideaMaven\MavenRepository\org\springframework\boot\spring-boot-starter-jdbc\2.2.2.RELEASE\spring-boot-starter-jdbc-2.2.2.RELEASE.jar;G:\Java_Software\ideaMaven\MavenRepository\com\zaxxer\HikariCP\3.4.1\HikariCP-3.4.1.jar;G:\Java_Software\ideaMaven\MavenRepository\org\springframework\spring-jdbc\5.2.2.RELEASE\spring-jdbc-5.2.2.RELEASE.jar;G:\Java_Software\ideaMaven\MavenRepository\org\springframework\spring-tx\5.2.2.RELEASE\spring-tx-5.2.2.RELEASE.jar;G:\Java_Software\ideaMaven\MavenRepository\org\mybatis\spring\boot\mybatis-spring-boot-autoconfigure\2.1.1\mybatis-spring-boot-autoconfigure-2.1.1.jar;G:\Java_Software\ideaMaven\MavenRepository\org\mybatis\mybatis\3.5.3\mybatis-3.5.3.jar;G:\Java_Software\ideaMaven\MavenRepository\org\mybatis\mybatis-spring\2.0.3\mybatis-spring-2.0.3.jar;G:\Java_Software\ideaMaven\MavenRepository\org\springframework\boot\spring-boot-starter-mail\2.2.2.RELEASE\spring-boot-starter-mail-2.2.2.RELEASE.jar;G:\Java_Software\ideaMaven\MavenRepository\org\springframework\spring-context-support\5.2.2.RELEASE\spring-context-support-5.2.2.RELEASE.jar;G:\Java_Software\ideaMaven\MavenRepository\com\sun\mail\jakarta.mail\1.6.4\jakarta.mail-1.6.4.jar;G:\Java_Software\ideaMaven\MavenRepository\com\sun\activation\jakarta.activation\1.2.1\jakarta.activation-1.2.1.jar;G:\Java_Software\ideaMaven\MavenRepository\org\projectlombok\lombok\1.16.10\lombok-1.16.10.jar;G:\Java_Software\ideaMaven\MavenRepository\org\springframework\boot\spring-boot-starter-tomcat\2.2.2.RELEASE\spring-boot-starter-tomcat-2.2.2.RELEASE.jar;G:\Java_Software\ideaMaven\MavenRepository\jakarta\annotation\jakarta.annotation-api\1.3.5\jakarta.annotation-api-1.3.5.jar;G:\Java_Software\ideaMaven\MavenRepository\org\apache\tomcat\embed\tomcat-embed-core\9.0.29\tomcat-embed-core-9.0.29.jar;G:\Java_Software\ideaMaven\MavenRepository\org\apache\tomcat\embed\tomcat-embed-el\9.0.29\tomcat-embed-el-9.0.29.jar;G:\Java_Software\ideaMaven\MavenRepository\org\apache\tomcat\embed\tomcat-embed-websocket\9.0.29\tomcat-embed-websocket-9.0.29.jar;G:\Java_Software\ideaMaven\MavenRepository\org\springframework\boot\spring-boot-starter-test\2.2.2.RELEASE\spring-boot-starter-test-2.2.2.RELEASE.jar;G:\Java_Software\ideaMaven\MavenRepository\org\springframework\boot\spring-boot-test\2.2.2.RELEASE\spring-boot-test-2.2.2.RELEASE.jar;G:\Java_Software\ideaMaven\MavenRepository\org\springframework\boot\spring-boot-test-autoconfigure\2.2.2.RELEASE\spring-boot-test-autoconfigure-2.2.2.RELEASE.jar;G:\Java_Software\ideaMaven\MavenRepository\com\jayway\jsonpath\json-path\2.4.0\json-path-2.4.0.jar;G:\Java_Software\ideaMaven\MavenRepository\net\minidev\json-smart\2.3\json-smart-2.3.jar;G:\Java_Software\ideaMaven\MavenRepository\net\minidev\accessors-smart\1.2\accessors-smart-1.2.jar;G:\Java_Software\ideaMaven\MavenRepository\org\ow2\asm\asm\5.0.4\asm-5.0.4.jar;G:\Java_Software\ideaMaven\MavenRepository\org\slf4j\slf4j-api\1.7.29\slf4j-api-1.7.29.jar;G:\Java_Software\ideaMaven\MavenRepository\jakarta\xml\bind\jakarta.xml.bind-api\2.3.2\jakarta.xml.bind-api-2.3.2.jar;G:\Java_Software\ideaMaven\MavenRepository\jakarta\activation\jakarta.activation-api\1.2.1\jakarta.activation-api-1.2.1.jar;G:\Java_Software\ideaMaven\MavenRepository\org\junit\jupiter\junit-jupiter\5.5.2\junit-jupiter-5.5.2.jar;G:\Java_Software\ideaMaven\MavenRepository\org\junit\jupiter\junit-jupiter-api\5.5.2\junit-jupiter-api-5.5.2.jar;G:\Java_Software\ideaMaven\MavenRepository\org\apiguardian\apiguardian-api\1.1.0\apiguardian-api-1.1.0.jar;G:\Java_Software\ideaMaven\MavenRepository\org\opentest4j\opentest4j\1.2.0\opentest4j-1.2.0.jar;G:\Java_Software\ideaMaven\MavenRepository\org\junit\platform\junit-platform-commons\1.5.2\junit-platform-commons-1.5.2.jar;G:\Java_Software\ideaMaven\MavenRepository\org\junit\jupiter\junit-jupiter-params\5.5.2\junit-jupiter-params-5.5.2.jar;G:\Java_Software\ideaMaven\MavenRepository\org\junit\jupiter\junit-jupiter-engine\5.5.2\junit-jupiter-engine-5.5.2.jar;G:\Java_Software\ideaMaven\MavenRepository\org\junit\platform\junit-platform-engine\1.5.2\junit-platform-engine-1.5.2.jar;G:\Java_Software\ideaMaven\MavenRepository\org\mockito\mockito-junit-jupiter\3.1.0\mockito-junit-jupiter-3.1.0.jar;G:\Java_Software\ideaMaven\MavenRepository\org\assertj\assertj-core\3.13.2\assertj-core-3.13.2.jar;G:\Java_Software\ideaMaven\MavenRepository\org\hamcrest\hamcrest\2.1\hamcrest-2.1.jar;G:\Java_Software\ideaMaven\MavenRepository\org\mockito\mockito-core\3.1.0\mockito-core-3.1.0.jar;G:\Java_Software\ideaMaven\MavenRepository\net\bytebuddy\byte-buddy\1.10.4\byte-buddy-1.10.4.jar;G:\Java_Software\ideaMaven\MavenRepository\net\bytebuddy\byte-buddy-agent\1.10.4\byte-buddy-agent-1.10.4.jar;G:\Java_Software\ideaMaven\MavenRepository\org\objenesis\objenesis\2.6\objenesis-2.6.jar;G:\Java_Software\ideaMaven\MavenRepository\org\skyscreamer\jsonassert\1.5.0\jsonassert-1.5.0.jar;G:\Java_Software\ideaMaven\MavenRepository\org\springframework\spring-core\5.2.2.RELEASE\spring-core-5.2.2.RELEASE.jar;G:\Java_Software\ideaMaven\MavenRepository\org\springframework\spring-jcl\5.2.2.RELEASE\spring-jcl-5.2.2.RELEASE.jar;G:\Java_Software\ideaMaven\MavenRepository\org\springframework\spring-test\5.2.2.RELEASE\spring-test-5.2.2.RELEASE.jar;G:\Java_Software\ideaMaven\MavenRepository\org\xmlunit\xmlunit-core\2.6.3\xmlunit-core-2.6.3.jar;G:\Java_Software\ideaMaven\MavenRepository\org\springframework\boot\spring-boot-starter-actuator\2.2.2.RELEASE\spring-boot-starter-actuator-2.2.2.RELEASE.jar;G:\Java_Software\ideaMaven\MavenRepository\org\springframework\boot\spring-boot-actuator-autoconfigure\2.2.2.RELEASE\spring-boot-actuator-autoconfigure-2.2.2.RELEASE.jar;G:\Java_Software\ideaMaven\MavenRepository\org\springframework\boot\spring-boot-actuator\2.2.2.RELEASE\spring-boot-actuator-2.2.2.RELEASE.jar;G:\Java_Software\ideaMaven\MavenRepository\io\micrometer\micrometer-core\1.3.1\micrometer-core-1.3.1.jar;G:\Java_Software\ideaMaven\MavenRepository\org\hdrhistogram\HdrHistogram\2.1.11\HdrHistogram-2.1.11.jar;G:\Java_Software\ideaMaven\MavenRepository\org\latencyutils\LatencyUtils\2.0.3\LatencyUtils-2.0.3.jar;G:\Java_Software\ideaMaven\MavenRepository\mysql\mysql-connector-java\5.1.45\mysql-connector-java-5.1.45.jar;G:\Java_Software\ideaMaven\MavenRepository\com\alibaba\druid\1.1.10\druid-1.1.10.jar;G:\Java_Software\ideaMaven\MavenRepository\log4j\log4j\1.2.17\log4j-1.2.17.jar;G:\Java_Software\ideaMaven\MavenRepository\com\alibaba\fastjson\1.2.7\fastjson-1.2.7.jar;G:\Java_Software\ideaMaven\MavenRepository\com\thetransactioncompany\cors-filter\2.5\cors-filter-2.5.jar;G:\Java_Software\ideaMaven\MavenRepository\com\thetransactioncompany\java-property-utils\1.9.1\java-property-utils-1.9.1.jar;G:\Java_Software\ideaMaven\MavenRepository\com\vaadin\external\google\android-json\0.0.20131108.vaadin1\android-json-0.0.20131108.vaadin1.jar;G:\Java_Software\ideaMaven\MavenRepository\commons-io\commons-io\2.2\commons-io-2.2.jar;G:\Java_Software\ideaMaven\MavenRepository\com\squareup\okhttp3\okhttp\3.9.1\okhttp-3.9.1.jar;G:\Java_Software\ideaMaven\MavenRepository\com\squareup\okio\okio\1.13.0\okio-1.13.0.jar;"/>
    <property name="sun.cpu.endian" value="little"/>
    <property name="user.home" value="C:\Users\Martw"/>
    <property name="user.language" value="en"/>
    <property name="java.specification.vendor" value="Oracle Corporation"/>
    <property name="java.home" value="C:\Program Files\Java\jdk1.8.0_40\jre"/>
    <property name="basedir" value="W:\IMAN\rat\rat-api"/>
    <property name="file.separator" value="\"/>
    <property name="line.separator" value="&#10;"/>
    <property name="java.vm.specification.vendor" value="Oracle Corporation"/>
    <property name="java.specification.name" value="Java Platform API Specification"/>
    <property name="java.awt.graphicsenv" value="sun.awt.Win32GraphicsEnvironment"/>
    <property name="surefire.real.class.path" value="C:\Users\Martw\AppData\Local\Temp\surefire8478473477814539796\surefirebooter3748172908019986780.jar"/>
    <property name="sun.boot.class.path" value="C:\Program Files\Java\jdk1.8.0_40\jre\lib\resources.jar;C:\Program Files\Java\jdk1.8.0_40\jre\lib\rt.jar;C:\Program Files\Java\jdk1.8.0_40\jre\lib\sunrsasign.jar;C:\Program Files\Java\jdk1.8.0_40\jre\lib\jsse.jar;C:\Program Files\Java\jdk1.8.0_40\jre\lib\jce.jar;C:\Program Files\Java\jdk1.8.0_40\jre\lib\charsets.jar;C:\Program Files\Java\jdk1.8.0_40\jre\lib\jfr.jar;C:\Program Files\Java\jdk1.8.0_40\jre\classes"/>
    <property name="user.script" value=""/>
    <property name="sun.management.compiler" value="HotSpot 64-Bit Tiered Compilers"/>
    <property name="java.runtime.version" value="1.8.0_40-b25"/>
    <property name="user.name" value="Micah"/>
    <property name="path.separator" value=";"/>
    <property name="os.version" value="6.3"/>
    <property name="java.endorsed.dirs" value="C:\Program Files\Java\jdk1.8.0_40\jre\lib\endorsed"/>
    <property name="java.runtime.name" value="Java(TM) SE Runtime Environment"/>
    <property name="file.encoding" value="GBK"/>
    <property name="java.vm.name" value="Java HotSpot(TM) 64-Bit Server VM"/>
    <property name="idea.version2020.1" value="true"/>
    <property name="localRepository" value="G:\Java_Software\ideaMaven\MavenRepository"/>
    <property name="java.vendor.url.bug" value="http://bugreport.sun.com/bugreport/"/>
    <property name="java.io.tmpdir" value="C:\Users\Martw\AppData\Local\Temp\"/>
    <property name="java.version" value="1.8.0_40"/>
    <property name="user.dir" value="W:\IMAN\rat\rat-api"/>
    <property name="os.arch" value="amd64"/>
    <property name="java.vm.specification.name" value="Java Virtual Machine Specification"/>
    <property name="java.awt.printerjob" value="sun.awt.windows.WPrinterJob"/>
    <property name="sun.os.patch.level" value=""/>
    <property name="java.library.path" value="C:\Program Files\Java\jdk1.8.0_40\jre\bin;C:\WINDOWS\Sun\Java\bin;C:\WINDOWS\system32;C:\WINDOWS;C:\ProgramData\Oracle\Java\javapath;C:\Program Files\Java\jdk1.8.0_40\bin;C:\Program Files\Java\jdk1.8.0_40\jre\bin;C:\Program Files (x86)\Common Files\Intel\Shared Libraries\redist\intel64\compiler;C:\Program Files\Microsoft MPI\Bin\;C:\Windows\system32;C:\Windows;C:\Windows\System32\Wbem;C:\Windows\System32\WindowsPowerShell\v1.0\;C:\Program Files (x86)\NVIDIA Corporation\PhysX\Common;C:\Program Files\NVIDIA Corporation\NVIDIA NvDLISR;C:\WINDOWS\system32;C:\WINDOWS;C:\WINDOWS\System32\Wbem;C:\WINDOWS\System32\WindowsPowerShell\v1.0\;C:\WINDOWS\System32\OpenSSH\;D:\metasploit-framework\bin\;C:\Program Files\Intel\WiFi\bin\;C:\Program Files\Common Files\Intel\WirelessCommon\;G:\Java_Software\ideaMaven\apache-maven-3.6.3\bin;G:\Java_Software\ideaMaven\apache-maven-3.6.3\bin;D:\wamp64\bin\php\php5.6.40;D:\composer;D:\Git\cmd;D:\Program Files\nodejs\;D:\Python27;D:\wamp64\bin\mysql\mysql8.0.18\bin;C:\Users\Martw\AppData\Local\Microsoft\WindowsApps;D:\JetBrains\IntelliJ IDEA 2020.1\bin;D:\PhpStorm 2019.2.4\bin;D:\PyCharm Community Edition 2020.2.1\bin;D:\JetBrains\PyCharm 2020.1\bin;C:\Users\Martw\.dotnet\tools;D:\Fiddler抓包\Fiddler;C:\Users\Martw\AppData\Roaming\Composer\vendor\bin;D:\WebStorm 2020.1.1\bin;D:\JetBrains\IntelliJ IDEA 2021.1\bin;C:\Users\Martw\AppData\Local\Microsoft\WindowsApps;D:\Program Files\nodejs\node_global;D:\Microsoft VS Code\bin;."/>
    <property name="java.vm.info" value="mixed mode"/>
    <property name="java.vendor" value="Oracle Corporation"/>
    <property name="java.vm.version" value="25.40-b25"/>
    <property name="java.ext.dirs" value="C:\Program Files\Java\jdk1.8.0_40\jre\lib\ext;C:\WINDOWS\Sun\Java\lib\ext"/>
    <property name="sun.io.unicode.encoding" value="UnicodeLittle"/>
    <property name="java.class.version" value="52.0"/>
  </properties>
  <testcase name="contextLoads" classname="mk.anyplex.com.hmvodapi.HmvodApiApplicationTests" time="0.354"/>
</testsuite>